\BOOKMARK [1][-]{section.1}{\376\377\000C\000o\000n\000t\000e\000x\000t\000e\000\040\000d\000u\000\040\000p\000r\000o\000j\000e\000t}{}% 1
\BOOKMARK [2][-]{subsection.1.1}{\376\377\000H\000i\000s\000t\000o\000r\000i\000q\000u\000e\000\040\000e\000t\000\040\000d\000\351\000f\000i\000n\000i\000t\000i\000o\000n\000s}{section.1}% 2
\BOOKMARK [2][-]{subsection.1.2}{\376\377\000Q\000u\000'\000e\000s\000t\000-\000c\000e\000\040\000q\000u\000'\000A\000u\000t\000o\000b\000i\000l\000l\000\040\000?}{section.1}% 3
\BOOKMARK [2][-]{subsection.1.3}{\376\377\000O\000b\000j\000e\000c\000t\000i\000f\000s\000\040\000d\000u\000\040\000p\000r\000o\000j\000e\000t}{section.1}% 4
\BOOKMARK [2][-]{subsection.1.4}{\376\377\000P\000r\000o\000c\000e\000s\000s\000u\000s\000\040\000d\000e\000\040\000c\000o\000n\000c\000e\000p\000t\000i\000o\000n}{section.1}% 5
\BOOKMARK [1][-]{section.2}{\376\377\000I\000n\000t\000e\000r\000f\000a\000c\000e\000\040\000w\000e\000b}{}% 6
\BOOKMARK [2][-]{subsection.2.1}{\376\377\000C\000l\000i\000e\000n\000t}{section.2}% 7
\BOOKMARK [3][-]{subsubsection.2.1.1}{\376\377\000I\000n\000t\000e\000r\000o\000p\000\351\000r\000a\000b\000i\000l\000i\000t\000\351\000\040\000W\000e\000b\000-\000O\000c\000a\000m\000l}{subsection.2.1}% 8
\BOOKMARK [3][-]{subsubsection.2.1.2}{\376\377\000L\000'\000\351\000d\000i\000t\000e\000u\000r\000\040\000d\000e\000\040\000c\000o\000d\000e}{subsection.2.1}% 9
\BOOKMARK [3][-]{subsubsection.2.1.3}{\376\377\000L\000a\000\040\000r\000\351\000s\000o\000l\000u\000t\000i\000o\000n\000\040\000d\000e\000\040\000c\000o\000n\000t\000r\000a\000i\000n\000t\000e\000s}{subsection.2.1}% 10
\BOOKMARK [2][-]{subsection.2.2}{\376\377\000S\000e\000r\000v\000e\000u\000r\000\040\000+\000\040\000c\000l\000i\000e\000n\000t}{section.2}% 11
\BOOKMARK [3][-]{subsubsection.2.2.1}{\376\377\000M\000i\000n\000i\000M\000L}{subsection.2.2}% 12
\BOOKMARK [3][-]{subsubsection.2.2.2}{\376\377\000L\000a\000\040\000r\000\351\000s\000o\000l\000u\000t\000i\000o\000n\000\040\000d\000e\000\040\000c\000o\000n\000t\000r\000a\000i\000n\000t\000e\000s}{subsection.2.2}% 13
\BOOKMARK [1][-]{section.3}{\376\377\000M\000i\000n\000i\000M\000L}{}% 14
\BOOKMARK [2][-]{subsection.3.1}{\376\377\000D\000e\000s\000c\000r\000i\000p\000t\000i\000o\000n\000\040\000d\000e\000\040\000M\000i\000n\000i\000M\000L}{section.3}% 15
\BOOKMARK [2][-]{subsection.3.2}{\376\377\000G\000r\000a\000m\000m\000a\000i\000r\000e}{section.3}% 16
\BOOKMARK [2][-]{subsection.3.3}{\376\377\000C\000a\000l\000l\000-\000B\000y\000-\000P\000u\000s\000h\000-\000V\000a\000l\000u\000e}{section.3}% 17
\BOOKMARK [2][-]{subsection.3.4}{\376\377\000S\000e\000m\000a\000n\000t\000i\000q\000u\000e\000\040\000d\000e\000\040\000t\000r\000a\000d\000u\000c\000t\000i\000o\000n}{section.3}% 18
\BOOKMARK [1][-]{section.4}{\376\377\000C\000o\000n\000c\000l\000u\000s\000i\000o\000n}{}% 19
\BOOKMARK [1][-]{section.4}{\376\377\000R\000\351\000f\000\351\000r\000e\000n\000c\000e\000s}{}% 20
\BOOKMARK [1][-]{section.4}{\376\377\000A\000n\000n\000e\000x\000e}{}% 21
